<?xml version="1.0" encoding="UTF-8"?>
<!-- Generated by org.testng.reporters.JUnitXMLReporter -->
<testsuite hostname="subha-pc" ignored="0" name="Test" tests="1" failures="0" timestamp="02 Jan 2020 07:06:16 GMT" time="0.231" errors="0">
  <testcase name="@BeforeClass lunchBroser" time="0.132" classname="com.VTiger.GenericLibrary.BaseClass">
    <failure type="java.lang.IllegalStateException" message="The path to the driver executable must be set by the webdriver.chrome.driver system property; for more information, see https://github.com/SeleniumHQ/selenium/wiki/ChromeDriver. The latest version can be downloaded from http://chromedriver.storage.googleapis.com/index.html">
      <![CDATA[java.lang.IllegalStateException: The path to the driver executable must be set by the webdriver.chrome.driver system property; for more information, see https://github.com/SeleniumHQ/selenium/wiki/ChromeDriver. The latest version can be downloaded from http://chromedriver.storage.googleapis.com/index.html
at com.google.common.base.Preconditions.checkState(Preconditions.java:847)
at org.openqa.selenium.remote.service.DriverService.findExecutable(DriverService.java:134)
at org.openqa.selenium.chrome.ChromeDriverService.access$000(ChromeDriverService.java:35)
at org.openqa.selenium.chrome.ChromeDriverService$Builder.findDefaultExecutable(ChromeDriverService.java:159)
at org.openqa.selenium.remote.service.DriverService$Builder.build(DriverService.java:355)
at org.openqa.selenium.chrome.ChromeDriverService.createDefaultService(ChromeDriverService.java:94)
at org.openqa.selenium.chrome.ChromeDriver.<init>(ChromeDriver.java:123)
at com.VTiger.GenericLibrary.BaseClass.lunchBroser(BaseClass.java:43)
... Removed 26 stack frames]]>
    </failure>
  </testcase> <!-- @BeforeClass lunchBroser -->
  <testcase name="@BeforeMethod login" time="0.0" classname="com.VTiger.GenericLibrary.BaseClass">
    <skipped/>
  </testcase> <!-- @BeforeMethod login -->
  <testcase name="@AfterMethod logoutAM" time="0.0" classname="com.VTiger.GenericLibrary.BaseClass">
    <skipped/>
  </testcase> <!-- @AfterMethod logoutAM -->
  <testcase name="@AfterClass closeBrowserAC" time="0.0" classname="com.VTiger.GenericLibrary.BaseClass">
    <skipped/>
  </testcase> <!-- @AfterClass closeBrowserAC -->
  <testcase name="createContactWithValidateDataTest" time="0.0" classname="com.VTiger.Contact.TC01">
    <skipped/>
  </testcase> <!-- createContactWithValidateDataTest -->
</testsuite> <!-- Test -->
